#
# There is insufficient memory for the Java Runtime Environment to continue.
# Native memory allocation (mmap) failed to map 1073741824 bytes. Error detail: G1 virtual space
# Possible reasons:
#   The system is out of physical RAM or swap space
#   This process is running with CompressedOops enabled, and the Java Heap may be blocking the growth of the native heap
# Possible solutions:
#   Reduce memory load on the system
#   Increase physical memory or swap space
#   Check if swap backing store is full
#   Decrease Java heap size (-Xmx/-Xms)
#   Decrease number of Java threads
#   Decrease Java thread stack sizes (-Xss)
#   Set larger code cache with -XX:ReservedCodeCacheSize=
#   JVM is running with Zero Based Compressed Oops mode in which the Java heap is
#     placed in the first 32GB address space. The Java Heap base address is the
#     maximum limit for the native heap growth. Please use -XX:HeapBaseMinAddress
#     to set the Java Heap base and to place the Java Heap above 32GB virtual address.
# This output file may be truncated or incomplete.
#
#  Out of Memory Error (os_windows.cpp:3898), pid=113044, tid=107492
#
# JRE version:  (21.0.6) (build )
# Java VM: OpenJDK 64-Bit Server VM (21.0.6+-13368085-b895.109, mixed mode, sharing, tiered, compressed oops, compressed class ptrs, g1 gc, windows-amd64)
# No core dump will be written. Minidumps are not enabled by default on client versions of Windows
#

---------------  S U M M A R Y ------------

Command Line: com.google.prefab.cli.AppKt --build-system cmake --platform android --abi arm64-v8a --os-version 24 --stl c++_shared --ndk-version 27 --output C:\\Users\\Derek\\AppData\\Local\\Temp\\agp-prefab-staging6215218246152558091\\staged-cli-output C:\\Users\\Derek\\.gradle\\caches\\8.13\\transforms\\16ecd3d905ee83882a5c0ce77c8c6dc3\\transformed\\react-android-0.79.3-debug\\prefab C:\\Users\\Derek\\.gradle\\caches\\8.13\\transforms\\fe598eff553706dec655b21cae0de175\\transformed\\hermes-android-0.79.3-debug\\prefab C:\\Users\\Derek\\.gradle\\caches\\8.13\\transforms\\72cde7dc85b5006383f56c98fcfedfa5\\transformed\\fbjni-0.7.0\\prefab

Host: Intel(R) Core(TM) i9-9900K CPU @ 3.60GHz, 16 cores, 63G,  Windows 11 , 64 bit Build 26100 (10.0.26100.4202)
Time: Sat Jun  7 22:09:55 2025 Mountain Daylight Time elapsed time: 2.035657 seconds (0d 0h 0m 2s)

---------------  T H R E A D  ---------------

Current thread (0x000002c2a340b480):  JavaThread "Unknown thread" [_thread_in_vm, id=107492, stack(0x000000e8d9e00000,0x000000e8d9f00000) (1024K)]

Stack: [0x000000e8d9e00000,0x000000e8d9f00000]
Native frames: (J=compiled Java code, j=interpreted, Vv=VM code, C=native code)
V  [jvm.dll+0x6d0639]
V  [jvm.dll+0x85eb03]
V  [jvm.dll+0x86105e]
V  [jvm.dll+0x861743]
V  [jvm.dll+0x27e6e6]
V  [jvm.dll+0x6ccfd5]
V  [jvm.dll+0x6c0a8a]
V  [jvm.dll+0x35537b]
V  [jvm.dll+0x35cfd6]
V  [jvm.dll+0x3aef86]
V  [jvm.dll+0x3af258]
V  [jvm.dll+0x327a2c]
V  [jvm.dll+0x32871b]
V  [jvm.dll+0x826549]
V  [jvm.dll+0x3bc158]
V  [jvm.dll+0x80f7f8]
V  [jvm.dll+0x45035e]
V  [jvm.dll+0x451ac1]
C  [jli.dll+0x52ab]
C  [ucrtbase.dll+0x37b0]
C  [KERNEL32.DLL+0x2e8d7]
C  [ntdll.dll+0x3c34c]


---------------  P R O C E S S  ---------------

Threads class SMR info:
_java_thread_list=0x00007ffd512e1848, length=0, elements={
}

Java Threads: ( => current thread )
Total: 0

Other Threads:
  0x000002c2c9dcff90 WorkerThread "GC Thread#0"                     [id=83368, stack(0x000000e8d9f00000,0x000000e8da000000) (1024K)]
  0x000002c2a34bda60 ConcurrentGCThread "G1 Main Marker"            [id=89040, stack(0x000000e8da000000,0x000000e8da100000) (1024K)]
  0x000002c2a34bec10 WorkerThread "G1 Conc#0"                       [id=95788, stack(0x000000e8da100000,0x000000e8da200000) (1024K)]

[error occurred during error reporting (printing all threads), id 0xc0000005, EXCEPTION_ACCESS_VIOLATION (0xc0000005) at pc=0x00007ffd50adaa87]
VM state: not at safepoint (not fully initialized)

VM Mutex/Monitor currently owned by a thread:  ([mutex/lock_event])
[0x00007ffd5134e4a0] Heap_lock - owner thread: 0x000002c2a340b480

Heap address: 0x0000000401000000, size: 16368 MB, Compressed Oops mode: Zero based, Oop shift amount: 3

CDS archive(s) mapped at: [0x0000000000000000-0x0000000000000000-0x0000000000000000), size 0, SharedBaseAddress: 0x0000000800000000, ArchiveRelocationMode: 1.
Narrow klass base: 0x0000000000000000, Narrow klass shift: 0, Narrow klass range: 0x0

GC Precious Log:
 CardTable entry size: 512
 Card Set container configuration: InlinePtr #cards 4 size 8 Array Of Cards #cards 64 size 144 Howl #buckets 8 coarsen threshold 14745 Howl Bitmap #cards 2048 size 272 coarsen threshold 1843 Card regions per heap region 1 cards per card region 16384

Heap:
 garbage-first heap   total 0K, used 0K [0x0000000401000000, 0x0000000800000000)
  region size 8192K, 0 young (0K), 0 survivors (0K)
 Metaspace       used 0K, committed 0K, reserved 0K
  class space    used 0K, committed 0K, reserved 0K

Heap Regions: E=young(eden), S=young(survivor), O=old, HS=humongous(starts), HC=humongous(continues), CS=collection set, F=free, TAMS=top-at-mark-start, PB=parsable bottom

Card table byte_map: [0x000002c2b7dd0000,0x000002c2b9dd0000] _byte_map_base: 0x000002c2b5dc8000

Marking Bits: (CMBitMap*) 0x000002c2c9dd05a0
 Bits: [0x000002c2b9dd0000, 0x000002c2c9d90000)

GC Heap History (0 events):
No events

Dll operation events (1 events):
Event: 0.006 Loaded shared library C:\Program Files\Android\Android Studio\jbr\bin\java.dll

Deoptimization events (0 events):
No events

Classes loaded (0 events):
No events

Classes unloaded (0 events):
No events

Classes redefined (0 events):
No events

Internal exceptions (0 events):
No events

ZGC Phase Switch (0 events):
No events

VM Operations (0 events):
No events

Memory protections (0 events):
No events

Nmethod flushes (0 events):
No events

Events (0 events):
No events


Dynamic libraries:
0x00007ff681af0000 - 0x00007ff681afa000 	C:\Program Files\Android\Android Studio\jbr\bin\java.exe
0x00007fff18b20000 - 0x00007fff18d85000 	C:\WINDOWS\SYSTEM32\ntdll.dll
0x00007fff16f70000 - 0x00007fff17039000 	C:\WINDOWS\System32\KERNEL32.DLL
0x00007fff162c0000 - 0x00007fff166a8000 	C:\WINDOWS\System32\KERNELBASE.dll
0x00007fff166b0000 - 0x00007fff167fb000 	C:\WINDOWS\System32\ucrtbase.dll
0x00007ffeeafe0000 - 0x00007ffeeaff8000 	C:\Program Files\Android\Android Studio\jbr\bin\jli.dll
0x00007ffee7900000 - 0x00007ffee791b000 	C:\Program Files\Android\Android Studio\jbr\bin\VCRUNTIME140.dll
0x00007fff188d0000 - 0x00007fff18a9a000 	C:\WINDOWS\System32\USER32.dll
0x00007fff15c70000 - 0x00007fff15c97000 	C:\WINDOWS\System32\win32u.dll
0x00007ffef93e0000 - 0x00007ffef967a000 	C:\WINDOWS\WinSxS\amd64_microsoft.windows.common-controls_6595b64144ccf1df_6.0.26100.4202_none_3e0698d4e335f517\COMCTL32.dll
0x00007fff18ab0000 - 0x00007fff18adb000 	C:\WINDOWS\System32\GDI32.dll
0x00007fff18820000 - 0x00007fff188c9000 	C:\WINDOWS\System32\msvcrt.dll
0x00007fff15f70000 - 0x00007fff160a7000 	C:\WINDOWS\System32\gdi32full.dll
0x00007fff15e20000 - 0x00007fff15ec3000 	C:\WINDOWS\System32\msvcp_win.dll
0x00007fff16c40000 - 0x00007fff16c70000 	C:\WINDOWS\System32\IMM32.DLL
0x00007ffefd200000 - 0x00007ffefd20c000 	C:\Program Files\Android\Android Studio\jbr\bin\vcruntime140_1.dll
0x00007ffe9d530000 - 0x00007ffe9d5bd000 	C:\Program Files\Android\Android Studio\jbr\bin\msvcp140.dll
0x00007ffd507a0000 - 0x00007ffd5142b000 	C:\Program Files\Android\Android Studio\jbr\bin\server\jvm.dll
0x00007fff17d00000 - 0x00007fff17db3000 	C:\WINDOWS\System32\ADVAPI32.dll
0x00007fff17fe0000 - 0x00007fff18086000 	C:\WINDOWS\System32\sechost.dll
0x00007fff16b20000 - 0x00007fff16c35000 	C:\WINDOWS\System32\RPCRT4.dll
0x00007fff16c80000 - 0x00007fff16cf4000 	C:\WINDOWS\System32\WS2_32.dll
0x00007fff15920000 - 0x00007fff1597e000 	C:\WINDOWS\SYSTEM32\POWRPROF.dll
0x00007fff066b0000 - 0x00007fff066e5000 	C:\WINDOWS\SYSTEM32\WINMM.dll
0x00007fff05100000 - 0x00007fff0510b000 	C:\WINDOWS\SYSTEM32\VERSION.dll
0x00007fff15900000 - 0x00007fff15914000 	C:\WINDOWS\SYSTEM32\UMPDC.dll
0x00007fff14a30000 - 0x00007fff14a4b000 	C:\WINDOWS\SYSTEM32\kernel.appcore.dll
0x00007ffee5d20000 - 0x00007ffee5d2a000 	C:\Program Files\Android\Android Studio\jbr\bin\jimage.dll
0x00007fff12720000 - 0x00007fff12961000 	C:\WINDOWS\SYSTEM32\DBGHELP.DLL
0x00007fff17040000 - 0x00007fff173c5000 	C:\WINDOWS\System32\combase.dll
0x00007fff16d80000 - 0x00007fff16e61000 	C:\WINDOWS\System32\OLEAUT32.dll
0x00007fff12de0000 - 0x00007fff12e19000 	C:\WINDOWS\SYSTEM32\dbgcore.DLL
0x00007fff15ed0000 - 0x00007fff15f69000 	C:\WINDOWS\System32\bcryptPrimitives.dll
0x00007ffee5c60000 - 0x00007ffee5c80000 	C:\Program Files\Android\Android Studio\jbr\bin\java.dll

dbghelp: loaded successfully - version: 4.0.5 - missing functions: none
symbol engine: initialized successfully - sym options: 0x614 - pdb path: .;C:\Program Files\Android\Android Studio\jbr\bin;C:\WINDOWS\SYSTEM32;C:\WINDOWS\WinSxS\amd64_microsoft.windows.common-controls_6595b64144ccf1df_6.0.26100.4202_none_3e0698d4e335f517;C:\Program Files\Android\Android Studio\jbr\bin\server

VM Arguments:
java_command: com.google.prefab.cli.AppKt --build-system cmake --platform android --abi arm64-v8a --os-version 24 --stl c++_shared --ndk-version 27 --output C:\\Users\\Derek\\AppData\\Local\\Temp\\agp-prefab-staging6215218246152558091\\staged-cli-output C:\\Users\\Derek\\.gradle\\caches\\8.13\\transforms\\16ecd3d905ee83882a5c0ce77c8c6dc3\\transformed\\react-android-0.79.3-debug\\prefab C:\\Users\\Derek\\.gradle\\caches\\8.13\\transforms\\fe598eff553706dec655b21cae0de175\\transformed\\hermes-android-0.79.3-debug\\prefab C:\\Users\\Derek\\.gradle\\caches\\8.13\\transforms\\72cde7dc85b5006383f56c98fcfedfa5\\transformed\\fbjni-0.7.0\\prefab
java_class_path (initial): C:\\Users\\Derek\\.gradle\\caches\\modules-2\\files-2.1\\com.google.prefab\\cli\\2.1.0\\aa32fec809c44fa531f01dcfb739b5b3304d3050\\cli-2.1.0-all.jar
Launcher Type: SUN_STANDARD

[Global flags]
     intx CICompilerCount                          = 12                                        {product} {ergonomic}
     uint ConcGCThreads                            = 3                                         {product} {ergonomic}
     uint G1ConcRefinementThreads                  = 13                                        {product} {ergonomic}
   size_t G1HeapRegionSize                         = 8388608                                   {product} {ergonomic}
    uintx GCDrainStackTargetSize                   = 64                                        {product} {ergonomic}
   size_t InitialHeapSize                          = 1073741824                                {product} {ergonomic}
   size_t MarkStackSize                            = 4194304                                   {product} {ergonomic}
   size_t MaxHeapSize                              = 17163091968                               {product} {ergonomic}
   size_t MinHeapDeltaBytes                        = 8388608                                   {product} {ergonomic}
   size_t MinHeapSize                              = 8388608                                   {product} {ergonomic}
    uintx NonNMethodCodeHeapSize                   = 7602480                                {pd product} {ergonomic}
    uintx NonProfiledCodeHeapSize                  = 122027880                              {pd product} {ergonomic}
    uintx ProfiledCodeHeapSize                     = 122027880                              {pd product} {ergonomic}
    uintx ReservedCodeCacheSize                    = 251658240                              {pd product} {ergonomic}
     bool SegmentedCodeCache                       = true                                      {product} {ergonomic}
   size_t SoftMaxHeapSize                          = 17163091968                            {manageable} {ergonomic}
     bool UseCompressedOops                        = true                           {product lp64_product} {ergonomic}
     bool UseG1GC                                  = true                                      {product} {ergonomic}
     bool UseLargePagesIndividualAllocation        = false                                  {pd product} {ergonomic}

Logging:
Log output configuration:
 #0: stdout all=warning uptime,level,tags foldmultilines=false
 #1: stderr all=off uptime,level,tags foldmultilines=false

Environment Variables:
CLASSPATH=C:\CUEMS\App\android\\gradle\wrapper\gradle-wrapper.jar
PATH=C:\CUEMS\App\node_modules\.bin;C:\CUEMS\App\node_modules\.bin;C:\CUEMS\node_modules\.bin;C:\node_modules\.bin;C:\Program Files\nodejs\node_modules\npm\node_modules\@npmcli\run-script\lib\node-gyp-bin;C:\Program Files (x86)\Common Files\Oracle\Java\javapath;C:\ActiveTcl\bin;C:\Program Files (x86)\Common Files\Intel\Shared Libraries\redist\intel64\compiler;C:\WINDOWS\system32;C:\WINDOWS;C:\WINDOWS\System32\Wbem;C:\WINDOWS\System32\WindowsPowerShell\v1.0\;C:\WINDOWS\System32\OpenSSH\;C:\Program Files\Git\cmd;C:\Program Files (x86)\Microsoft SQL Server\150\DTS\Binn\;C:\Program Files\Azure Data Studio\bin;C:\Program Files\Microsoft SQL Server\Client SDK\ODBC\170\Tools\Binn\;C:\Program Files (x86)\Microsoft SQL Server\150\Tools\Binn\;C:\Program Files\Microsoft SQL Server\150\Tools\Binn\;C:\Program Files\Microsoft SQL Server\150\DTS\Binn\;C:\Program Files\dotnet\;C:\Users\Derek\AppData\Local\Microsoft\WindowsApps;C:\Users\Derek\AppData\Local\Programs\MiKTeX\miktex\bin\x64\;C:\Users\Derek\AppData\Local\Programs\Microsoft VS Code\bin;C:\Program Files\Azure Data Studio\bin;C:\Users\Derek\AppData\Local\GitHubDesktop\bin;C:\Users\Derek\AppData\Local\Programs\cursor\resources\app\bin;C:\Users\Derek\AppData\Local\Muse Hub\lib;C:\Program Files\nodejs;C:\Program Files\nodejs;C:\Program Files\nodejs;C:\Users\Derek\AppData\Local\Android\Sdk\platform-tools;C:\Users\Derek\AppData\Local\Android\Sdk\emulator;C:\Users\Derek\AppData\Local\Android\Sdk\tools\bin;C:\Program Files\nodejs
USERNAME=Derek
LANG=en_US.UTF-8
OS=Windows_NT
PROCESSOR_IDENTIFIER=Intel64 Family 6 Model 158 Stepping 13, GenuineIntel
TMP=C:\Users\Derek\AppData\Local\Temp
TEMP=C:\Users\Derek\AppData\Local\Temp




Periodic native trim disabled

JNI global refs:
JNI global refs: 0, weak refs: 0

JNI global refs memory usage: 0, weak refs: 0

Process memory usage:
Resident Set Size: 14020K (0% of 67039652K total physical memory with 10690628K free physical memory)

OOME stack traces (most recent first):
Classloader memory used:

---------------  S Y S T E M  ---------------

OS:
 Windows 11 , 64 bit Build 26100 (10.0.26100.4202)
OS uptime: 7 days 23:59 hours

CPU: total 16 (initial active 16) (8 cores per cpu, 2 threads per core) family 6 model 158 stepping 13 microcode 0xde, cx8, cmov, fxsr, ht, mmx, 3dnowpref, sse, sse2, sse3, ssse3, sse4.1, sse4.2, popcnt, lzcnt, tsc, tscinvbit, avx, avx2, aes, erms, clmul, bmi1, bmi2, adx, fma, vzeroupper, clflush, clflushopt, rdtscp, f16c
Processor Information for the first 16 processors :
  Max Mhz: 3600, Current Mhz: 3600, Mhz Limit: 3600

Memory: 4k page, system-wide physical 65468M (10440M free)
TotalPageFile size 99379M (AvailPageFile size 867M)
current process WorkingSet (physical memory assigned to process): 13M, peak: 13M
current process commit charge ("private bytes"): 71M, peak: 1095M

vm_info: OpenJDK 64-Bit Server VM (21.0.6+-13368085-b895.109) for windows-amd64 JRE (21.0.6+-13368085-b895.109), built on 2025-04-16T17:01:31Z by "builder" with MS VC++ 16.10 / 16.11 (VS2019)

END.
